2024/08/07 00:59:38 [emerg] 1#1: "server" directive is not allowed here in /etc/nginx/nginx.conf:1
2024/08/07 00:59:39 [emerg] 1#1: "server" directive is not allowed here in /etc/nginx/nginx.conf:1
2024/08/07 00:59:39 [emerg] 1#1: "server" directive is not allowed here in /etc/nginx/nginx.conf:1
2024/08/07 00:59:40 [emerg] 1#1: "server" directive is not allowed here in /etc/nginx/nginx.conf:1
2024/08/07 00:59:41 [emerg] 1#1: "server" directive is not allowed here in /etc/nginx/nginx.conf:1
2024/08/07 00:59:42 [emerg] 1#1: "server" directive is not allowed here in /etc/nginx/nginx.conf:1
2024/08/07 00:59:46 [emerg] 1#1: "server" directive is not allowed here in /etc/nginx/nginx.conf:1
2024/08/07 00:59:52 [emerg] 1#1: "server" directive is not allowed here in /etc/nginx/nginx.conf:1
2024/08/07 01:00:05 [emerg] 1#1: "server" directive is not allowed here in /etc/nginx/nginx.conf:1
2024/08/07 01:00:31 [emerg] 1#1: "server" directive is not allowed here in /etc/nginx/nginx.conf:1
2024/08/07 01:02:38 [emerg] 1#1: "server" directive is not allowed here in /etc/nginx/nginx.conf:1
2024/08/07 01:02:38 [emerg] 1#1: "server" directive is not allowed here in /etc/nginx/nginx.conf:1
2024/08/07 01:02:38 [emerg] 1#1: "server" directive is not allowed here in /etc/nginx/nginx.conf:1
2024/08/07 01:02:39 [emerg] 1#1: "server" directive is not allowed here in /etc/nginx/nginx.conf:1
2024/08/07 01:02:40 [emerg] 1#1: "server" directive is not allowed here in /etc/nginx/nginx.conf:1
2024/08/07 01:02:42 [emerg] 1#1: "server" directive is not allowed here in /etc/nginx/nginx.conf:1
2024/08/07 01:02:45 [emerg] 1#1: "server" directive is not allowed here in /etc/nginx/nginx.conf:1
2024/08/07 01:02:51 [emerg] 1#1: "server" directive is not allowed here in /etc/nginx/nginx.conf:1
2024/08/07 01:03:04 [emerg] 1#1: "server" directive is not allowed here in /etc/nginx/nginx.conf:1
2024/08/07 01:03:30 [emerg] 1#1: "server" directive is not allowed here in /etc/nginx/nginx.conf:1
2024/08/07 01:04:22 [emerg] 1#1: "server" directive is not allowed here in /etc/nginx/nginx.conf:1
2024/08/07 01:04:44 [emerg] 1#1: "server" directive is not allowed here in /etc/nginx/nginx.conf:1
2024/08/07 01:04:45 [emerg] 1#1: "server" directive is not allowed here in /etc/nginx/nginx.conf:1
2024/08/07 01:04:45 [emerg] 1#1: "server" directive is not allowed here in /etc/nginx/nginx.conf:1
2024/08/07 01:04:46 [emerg] 1#1: "server" directive is not allowed here in /etc/nginx/nginx.conf:1
2024/08/07 01:04:47 [emerg] 1#1: "server" directive is not allowed here in /etc/nginx/nginx.conf:1
2024/08/07 01:04:48 [emerg] 1#1: "server" directive is not allowed here in /etc/nginx/nginx.conf:1
2024/08/07 01:04:52 [emerg] 1#1: "server" directive is not allowed here in /etc/nginx/nginx.conf:1
2024/08/07 01:04:58 [emerg] 1#1: "server" directive is not allowed here in /etc/nginx/nginx.conf:1
2024/08/07 01:05:11 [emerg] 1#1: "server" directive is not allowed here in /etc/nginx/nginx.conf:1
2024/08/07 01:05:37 [emerg] 1#1: "server" directive is not allowed here in /etc/nginx/nginx.conf:1
2024/08/07 01:06:29 [emerg] 1#1: "server" directive is not allowed here in /etc/nginx/nginx.conf:1
2024/08/07 01:07:21 [emerg] 1#1: "server" directive is not allowed here in /etc/nginx/nginx.conf:1
2024/08/07 01:07:22 [emerg] 1#1: "server" directive is not allowed here in /etc/nginx/nginx.conf:1
2024/08/07 01:07:22 [emerg] 1#1: "server" directive is not allowed here in /etc/nginx/nginx.conf:1
2024/08/07 01:07:23 [emerg] 1#1: "server" directive is not allowed here in /etc/nginx/nginx.conf:1
2024/08/07 01:07:24 [emerg] 1#1: "server" directive is not allowed here in /etc/nginx/nginx.conf:1
2024/08/07 01:07:25 [emerg] 1#1: "server" directive is not allowed here in /etc/nginx/nginx.conf:1
2024/08/07 01:07:29 [emerg] 1#1: "server" directive is not allowed here in /etc/nginx/nginx.conf:1
2024/08/07 01:07:35 [emerg] 1#1: "server" directive is not allowed here in /etc/nginx/nginx.conf:1
2024/08/07 01:07:48 [emerg] 1#1: "server" directive is not allowed here in /etc/nginx/nginx.conf:1
2024/08/07 01:08:14 [emerg] 1#1: "server" directive is not allowed here in /etc/nginx/nginx.conf:1
2024/08/07 01:09:22 [emerg] 1#1: "server" directive is not allowed here in /etc/nginx/nginx.conf:1
2024/08/07 01:09:22 [emerg] 1#1: "server" directive is not allowed here in /etc/nginx/nginx.conf:1
2024/08/07 01:09:23 [emerg] 1#1: "server" directive is not allowed here in /etc/nginx/nginx.conf:1
2024/08/07 01:09:23 [emerg] 1#1: "server" directive is not allowed here in /etc/nginx/nginx.conf:1
2024/08/07 01:09:24 [emerg] 1#1: "server" directive is not allowed here in /etc/nginx/nginx.conf:1
2024/08/07 01:09:26 [emerg] 1#1: "server" directive is not allowed here in /etc/nginx/nginx.conf:1
2024/08/07 01:09:29 [emerg] 1#1: "server" directive is not allowed here in /etc/nginx/nginx.conf:1
2024/08/07 01:09:36 [emerg] 1#1: "server" directive is not allowed here in /etc/nginx/nginx.conf:1
2024/08/07 01:09:49 [emerg] 1#1: "server" directive is not allowed here in /etc/nginx/nginx.conf:1
2024/08/07 01:10:14 [emerg] 1#1: "server" directive is not allowed here in /etc/nginx/nginx.conf:1
2024/08/07 01:11:06 [notice] 1#1: using the "epoll" event method
2024/08/07 01:11:06 [notice] 1#1: nginx/1.27.0
2024/08/07 01:11:06 [notice] 1#1: built by gcc 12.2.0 (Debian 12.2.0-14) 
2024/08/07 01:11:06 [notice] 1#1: OS: Linux 6.6.22-linuxkit
2024/08/07 01:11:06 [notice] 1#1: getrlimit(RLIMIT_NOFILE): 1048576:1048576
2024/08/07 01:11:06 [notice] 1#1: start worker processes
2024/08/07 01:11:06 [notice] 1#1: start worker process 20
2024/08/07 01:11:06 [notice] 1#1: start worker process 21
2024/08/07 01:11:06 [notice] 1#1: start worker process 22
2024/08/07 01:11:06 [notice] 1#1: start worker process 23
2024/08/07 01:11:06 [notice] 1#1: start worker process 24
2024/08/07 01:11:06 [notice] 1#1: start worker process 25
2024/08/07 01:11:06 [notice] 1#1: start worker process 26
2024/08/07 01:11:06 [notice] 1#1: start worker process 27
2024/08/07 01:11:06 [notice] 1#1: start worker process 28
2024/08/07 01:11:06 [notice] 1#1: start worker process 29
2024/08/07 01:11:06 [notice] 1#1: start worker process 30
2024/08/07 01:11:06 [notice] 1#1: start worker process 31
2024/08/07 01:11:56 [notice] 1#1: signal 3 (SIGQUIT) received, shutting down
2024/08/07 01:11:56 [notice] 20#20: gracefully shutting down
2024/08/07 01:11:56 [notice] 24#24: gracefully shutting down
2024/08/07 01:11:56 [notice] 22#22: gracefully shutting down
2024/08/07 01:11:56 [notice] 20#20: exiting
2024/08/07 01:11:56 [notice] 23#23: gracefully shutting down
2024/08/07 01:11:56 [notice] 21#21: gracefully shutting down
2024/08/07 01:11:56 [notice] 28#28: gracefully shutting down
2024/08/07 01:11:56 [notice] 23#23: exiting
2024/08/07 01:11:56 [notice] 26#26: gracefully shutting down
2024/08/07 01:11:56 [notice] 31#31: gracefully shutting down
2024/08/07 01:11:56 [notice] 27#27: gracefully shutting down
2024/08/07 01:11:56 [notice] 25#25: gracefully shutting down
2024/08/07 01:11:56 [notice] 29#29: gracefully shutting down
2024/08/07 01:11:56 [notice] 30#30: gracefully shutting down
2024/08/07 01:11:56 [notice] 24#24: exiting
2024/08/07 01:11:56 [notice] 22#22: exiting
2024/08/07 01:11:56 [notice] 20#20: exit
2024/08/07 01:11:56 [notice] 21#21: exiting
2024/08/07 01:11:56 [notice] 23#23: exit
2024/08/07 01:11:56 [notice] 28#28: exiting
2024/08/07 01:11:56 [notice] 26#26: exiting
2024/08/07 01:11:56 [notice] 31#31: exiting
2024/08/07 01:11:56 [notice] 27#27: exiting
2024/08/07 01:11:56 [notice] 25#25: exiting
2024/08/07 01:11:56 [notice] 29#29: exiting
2024/08/07 01:11:56 [notice] 30#30: exiting
2024/08/07 01:11:56 [notice] 24#24: exit
2024/08/07 01:11:56 [notice] 22#22: exit
2024/08/07 01:11:56 [notice] 21#21: exit
2024/08/07 01:11:56 [notice] 28#28: exit
2024/08/07 01:11:56 [notice] 26#26: exit
2024/08/07 01:11:56 [notice] 31#31: exit
2024/08/07 01:11:56 [notice] 27#27: exit
2024/08/07 01:11:56 [notice] 25#25: exit
2024/08/07 01:11:56 [notice] 29#29: exit
2024/08/07 01:11:56 [notice] 30#30: exit
2024/08/07 01:11:56 [notice] 1#1: signal 17 (SIGCHLD) received from 23
2024/08/07 01:11:56 [notice] 1#1: worker process 20 exited with code 0
2024/08/07 01:11:56 [notice] 1#1: worker process 21 exited with code 0
2024/08/07 01:11:56 [notice] 1#1: worker process 22 exited with code 0
2024/08/07 01:11:56 [notice] 1#1: worker process 23 exited with code 0
2024/08/07 01:11:56 [notice] 1#1: worker process 24 exited with code 0
2024/08/07 01:11:56 [notice] 1#1: worker process 26 exited with code 0
2024/08/07 01:11:56 [notice] 1#1: worker process 27 exited with code 0
2024/08/07 01:11:56 [notice] 1#1: worker process 28 exited with code 0
2024/08/07 01:11:56 [notice] 1#1: worker process 25 exited with code 0
2024/08/07 01:11:56 [notice] 1#1: worker process 29 exited with code 0
2024/08/07 01:11:56 [notice] 1#1: worker process 30 exited with code 0
2024/08/07 01:11:56 [notice] 1#1: worker process 31 exited with code 0
2024/08/07 01:11:56 [notice] 1#1: exit
2024/08/07 01:12:13 [notice] 1#1: using the "epoll" event method
2024/08/07 01:12:13 [notice] 1#1: nginx/1.27.0
2024/08/07 01:12:13 [notice] 1#1: built by gcc 12.2.0 (Debian 12.2.0-14) 
2024/08/07 01:12:13 [notice] 1#1: OS: Linux 6.6.22-linuxkit
2024/08/07 01:12:13 [notice] 1#1: getrlimit(RLIMIT_NOFILE): 1048576:1048576
2024/08/07 01:12:13 [notice] 1#1: start worker processes
2024/08/07 01:12:13 [notice] 1#1: start worker process 20
2024/08/07 01:12:13 [notice] 1#1: start worker process 21
2024/08/07 01:12:13 [notice] 1#1: start worker process 22
2024/08/07 01:12:13 [notice] 1#1: start worker process 23
2024/08/07 01:12:13 [notice] 1#1: start worker process 24
2024/08/07 01:12:13 [notice] 1#1: start worker process 25
2024/08/07 01:12:13 [notice] 1#1: start worker process 26
2024/08/07 01:12:13 [notice] 1#1: start worker process 27
2024/08/07 01:12:13 [notice] 1#1: start worker process 28
2024/08/07 01:12:13 [notice] 1#1: start worker process 29
2024/08/07 01:12:13 [notice] 1#1: start worker process 30
2024/08/07 01:12:13 [notice] 1#1: start worker process 31
